<?xml version="1.0" encoding="UTF-8"?>
<testsuite name="test.pipeline.docker.myapplication.ExampleUnitTest" tests="1" skipped="0" failures="0" errors="0" timestamp="2017-12-15T11:34:33" hostname="Sumants-Mac.local" time="0.001">
  <properties/>
  <testcase name="addition_isCorrect" classname="test.pipeline.docker.myapplication.ExampleUnitTest" time="0.001"/>
  <system-out><![CDATA[]]></system-out>
  <system-err><![CDATA[]]></system-err>
</testsuite>
